<?xml version="1.0" encoding="UTF-8"?>
<!-- Generated by org.testng.reporters.JUnitXMLReporter -->
<testsuite hostname="hi-PC" ignored="0" name="Default test" tests="5" failures="0" timestamp="13 Mar 2019 09:58:32 GMT" time="20.315" errors="0">
  <testcase name="Hostshutdown" time="6.145" classname="test.rest.Wiremock.SecondScenario"/>
  <testcase name="testStatusCodePositive" time="0.075" classname="test.rest.Wiremock.SecondScenario"/>
  <testcase name="testStatusCodesecond" time="12.025" classname="test.rest.Wiremock.SecondScenario"/>
  <testcase name="test" time="1.827" classname="test.rest.Wiremock.SecondScenario"/>
  <testcase name="test1" time="0.21" classname="test.rest.Wiremock.SecondScenario"/>
</testsuite> <!-- Default test -->
